2021-01-10 14:19:32.701 [restartedMain] INFO  t.k.p.PaperResourceBackendApplication - Starting PaperResourceBackendApplication on DESKTOP-CR3MP79 with PID 5136 (E:\paper-resource-backend\build\classes\java\main started by hq in E:\paper-resource-backend)
2021-01-10 14:19:32.708 [restartedMain] INFO  t.k.p.PaperResourceBackendApplication - No active profile set, falling back to default profiles: default
2021-01-10 14:19:32.793 [restartedMain] INFO  o.s.b.d.env.DevToolsPropertyDefaultsPostProcessor - Devtools property defaults active! Set 'spring.devtools.add-properties' to 'false' to disable
2021-01-10 14:19:32.793 [restartedMain] INFO  o.s.b.d.env.DevToolsPropertyDefaultsPostProcessor - For additional web related logging consider setting the 'logging.level.web' property to 'DEBUG'
2021-01-10 14:19:33.908 [restartedMain] INFO  o.s.d.r.config.RepositoryConfigurationDelegate - Bootstrapping Spring Data MongoDB repositories in DEFAULT mode.
2021-01-10 14:19:33.932 [restartedMain] INFO  o.s.d.r.config.RepositoryConfigurationDelegate - Finished Spring Data repository scanning in 16ms. Found 0 MongoDB repository interfaces.
2021-01-10 14:19:34.797 [restartedMain] INFO  o.s.boot.web.embedded.tomcat.TomcatWebServer - Tomcat initialized with port(s): 8080 (http)
2021-01-10 14:19:34.811 [restartedMain] INFO  org.apache.coyote.http11.Http11NioProtocol - Initializing ProtocolHandler ["http-nio-8080"]
2021-01-10 14:19:34.812 [restartedMain] INFO  org.apache.catalina.core.StandardService - Starting service [Tomcat]
2021-01-10 14:19:34.813 [restartedMain] INFO  org.apache.catalina.core.StandardEngine - Starting Servlet engine: [Apache Tomcat/9.0.39]
2021-01-10 14:19:34.981 [restartedMain] INFO  o.a.c.c.ContainerBase.[Tomcat].[localhost].[/api] - Initializing Spring embedded WebApplicationContext
2021-01-10 14:19:34.981 [restartedMain] INFO  o.s.b.w.s.c.ServletWebServerApplicationContext - Root WebApplicationContext: initialization completed in 2179 ms
2021-01-10 14:19:35.231 [restartedMain] INFO  org.mongodb.driver.cluster - Cluster created with settings {hosts=[103.100.210.203:27017], mode=SINGLE, requiredClusterType=UNKNOWN, serverSelectionTimeout='30000 ms'}
2021-01-10 14:19:35.469 [cluster-ClusterId{value='5ffa9c774f54a55a3aab3e58', description='null'}-103.100.210.203:27017] INFO  org.mongodb.driver.connection - Opened connection [connectionId{localValue:1, serverValue:89}] to 103.100.210.203:27017
2021-01-10 14:19:35.528 [cluster-ClusterId{value='5ffa9c774f54a55a3aab3e58', description='null'}-103.100.210.203:27017] INFO  org.mongodb.driver.cluster - Monitor thread successfully connected to server with description ServerDescription{address=103.100.210.203:27017, type=STANDALONE, state=CONNECTED, ok=true, minWireVersion=0, maxWireVersion=7, maxDocumentSize=16777216, logicalSessionTimeoutMinutes=30, roundTripTimeNanos=54968800}
2021-01-10 14:19:35.586 [restartedMain] INFO  o.s.b.d.autoconfigure.OptionalLiveReloadServer - LiveReload server is running on port 35729
2021-01-10 14:19:36.255 [restartedMain] INFO  s.d.s.w.PropertySourcedRequestMappingHandlerMapping - Mapped URL path [/v2/api-docs] onto method [springfox.documentation.swagger2.web.Swagger2Controller#getDocumentation(String, HttpServletRequest)]
2021-01-10 14:19:36.421 [restartedMain] INFO  o.s.scheduling.concurrent.ThreadPoolTaskExecutor - Initializing ExecutorService 'applicationTaskExecutor'
2021-01-10 14:19:36.645 [restartedMain] INFO  org.apache.coyote.http11.Http11NioProtocol - Starting ProtocolHandler ["http-nio-8080"]
2021-01-10 14:19:36.700 [restartedMain] INFO  o.s.boot.web.embedded.tomcat.TomcatWebServer - Tomcat started on port(s): 8080 (http) with context path '/api'
2021-01-10 14:19:36.702 [restartedMain] INFO  s.d.s.web.plugins.DocumentationPluginsBootstrapper - Context refreshed
2021-01-10 14:19:36.745 [restartedMain] INFO  s.d.s.web.plugins.DocumentationPluginsBootstrapper - Found 1 custom documentation plugin(s)
2021-01-10 14:19:36.848 [restartedMain] INFO  s.d.spring.web.scanners.ApiListingReferenceScanner - Scanning for api listing references
2021-01-10 14:19:37.435 [restartedMain] INFO  s.d.s.w.r.operation.CachingOperationNameGenerator - Generating unique operation named: addGradeUsingPOST_1
2021-01-10 14:19:37.504 [restartedMain] INFO  s.d.s.w.r.operation.CachingOperationNameGenerator - Generating unique operation named: editGradeUsingPOST_1
2021-01-10 14:19:37.507 [restartedMain] INFO  s.d.s.w.r.operation.CachingOperationNameGenerator - Generating unique operation named: getGradePageUsingPOST_1
2021-01-10 14:19:37.526 [restartedMain] INFO  s.d.s.w.r.operation.CachingOperationNameGenerator - Generating unique operation named: editGradeUsingPOST_2
2021-01-10 14:19:37.534 [restartedMain] INFO  s.d.s.w.r.operation.CachingOperationNameGenerator - Generating unique operation named: addSubjectUsingPOST_1
2021-01-10 14:19:37.537 [restartedMain] INFO  s.d.s.w.r.operation.CachingOperationNameGenerator - Generating unique operation named: editGradeUsingPOST_3
2021-01-10 14:19:37.554 [restartedMain] INFO  t.k.p.PaperResourceBackendApplication - Started PaperResourceBackendApplication in 5.81 seconds (JVM running for 7.132)
2021-01-10 14:58:28.627 [restartedMain] INFO  t.k.p.PaperResourceBackendApplication - Starting PaperResourceBackendApplication on DESKTOP-CR3MP79 with PID 13008 (E:\paper-resource-backend\build\classes\java\main started by hq in E:\paper-resource-backend)
2021-01-10 14:58:28.635 [restartedMain] INFO  t.k.p.PaperResourceBackendApplication - No active profile set, falling back to default profiles: default
2021-01-10 14:58:28.724 [restartedMain] INFO  o.s.b.d.env.DevToolsPropertyDefaultsPostProcessor - Devtools property defaults active! Set 'spring.devtools.add-properties' to 'false' to disable
2021-01-10 14:58:28.725 [restartedMain] INFO  o.s.b.d.env.DevToolsPropertyDefaultsPostProcessor - For additional web related logging consider setting the 'logging.level.web' property to 'DEBUG'
2021-01-10 14:58:29.986 [restartedMain] INFO  o.s.d.r.config.RepositoryConfigurationDelegate - Bootstrapping Spring Data MongoDB repositories in DEFAULT mode.
2021-01-10 14:58:30.034 [restartedMain] INFO  o.s.d.r.config.RepositoryConfigurationDelegate - Finished Spring Data repository scanning in 35ms. Found 0 MongoDB repository interfaces.
2021-01-10 14:58:30.874 [restartedMain] INFO  o.s.boot.web.embedded.tomcat.TomcatWebServer - Tomcat initialized with port(s): 8080 (http)
2021-01-10 14:58:30.896 [restartedMain] INFO  org.apache.coyote.http11.Http11NioProtocol - Initializing ProtocolHandler ["http-nio-8080"]
2021-01-10 14:58:30.896 [restartedMain] INFO  org.apache.catalina.core.StandardService - Starting service [Tomcat]
2021-01-10 14:58:30.896 [restartedMain] INFO  org.apache.catalina.core.StandardEngine - Starting Servlet engine: [Apache Tomcat/9.0.39]
2021-01-10 14:58:31.006 [restartedMain] INFO  o.a.c.c.ContainerBase.[Tomcat].[localhost].[/api] - Initializing Spring embedded WebApplicationContext
2021-01-10 14:58:31.006 [restartedMain] INFO  o.s.b.w.s.c.ServletWebServerApplicationContext - Root WebApplicationContext: initialization completed in 2280 ms
2021-01-10 14:58:31.176 [restartedMain] INFO  org.mongodb.driver.cluster - Cluster created with settings {hosts=[103.100.210.203:27017], mode=SINGLE, requiredClusterType=UNKNOWN, serverSelectionTimeout='30000 ms'}
2021-01-10 14:58:31.478 [restartedMain] INFO  o.s.b.d.autoconfigure.OptionalLiveReloadServer - LiveReload server is running on port 35729
2021-01-10 14:58:31.676 [cluster-ClusterId{value='5ffaa5978cdb4e70603da7dc', description='null'}-103.100.210.203:27017] INFO  org.mongodb.driver.connection - Opened connection [connectionId{localValue:1, serverValue:90}] to 103.100.210.203:27017
2021-01-10 14:58:31.774 [cluster-ClusterId{value='5ffaa5978cdb4e70603da7dc', description='null'}-103.100.210.203:27017] INFO  org.mongodb.driver.cluster - Monitor thread successfully connected to server with description ServerDescription{address=103.100.210.203:27017, type=STANDALONE, state=CONNECTED, ok=true, minWireVersion=0, maxWireVersion=7, maxDocumentSize=16777216, logicalSessionTimeoutMinutes=30, roundTripTimeNanos=96092300}
2021-01-10 14:58:32.049 [restartedMain] INFO  s.d.s.w.PropertySourcedRequestMappingHandlerMapping - Mapped URL path [/v2/api-docs] onto method [springfox.documentation.swagger2.web.Swagger2Controller#getDocumentation(String, HttpServletRequest)]
2021-01-10 14:58:32.144 [restartedMain] INFO  o.s.scheduling.concurrent.ThreadPoolTaskExecutor - Initializing ExecutorService 'applicationTaskExecutor'
2021-01-10 14:58:32.316 [restartedMain] INFO  org.apache.coyote.http11.Http11NioProtocol - Starting ProtocolHandler ["http-nio-8080"]
2021-01-10 14:58:32.356 [restartedMain] INFO  o.s.boot.web.embedded.tomcat.TomcatWebServer - Tomcat started on port(s): 8080 (http) with context path '/api'
2021-01-10 14:58:32.356 [restartedMain] INFO  s.d.s.web.plugins.DocumentationPluginsBootstrapper - Context refreshed
2021-01-10 14:58:32.374 [restartedMain] INFO  s.d.s.web.plugins.DocumentationPluginsBootstrapper - Found 1 custom documentation plugin(s)
2021-01-10 14:58:32.399 [restartedMain] INFO  s.d.spring.web.scanners.ApiListingReferenceScanner - Scanning for api listing references
2021-01-10 14:58:32.729 [restartedMain] INFO  s.d.s.w.r.operation.CachingOperationNameGenerator - Generating unique operation named: addGradeUsingPOST_1
2021-01-10 14:58:32.786 [restartedMain] INFO  s.d.s.w.r.operation.CachingOperationNameGenerator - Generating unique operation named: editGradeUsingPOST_1
2021-01-10 14:58:32.786 [restartedMain] INFO  s.d.s.w.r.operation.CachingOperationNameGenerator - Generating unique operation named: getGradePageUsingPOST_1
2021-01-10 14:58:32.808 [restartedMain] INFO  s.d.s.w.r.operation.CachingOperationNameGenerator - Generating unique operation named: editGradeUsingPOST_2
2021-01-10 14:58:32.813 [restartedMain] INFO  s.d.s.w.r.operation.CachingOperationNameGenerator - Generating unique operation named: addSubjectUsingPOST_1
2021-01-10 14:58:32.817 [restartedMain] INFO  s.d.s.w.r.operation.CachingOperationNameGenerator - Generating unique operation named: editGradeUsingPOST_3
2021-01-10 14:58:32.842 [restartedMain] INFO  t.k.p.PaperResourceBackendApplication - Started PaperResourceBackendApplication in 4.732 seconds (JVM running for 5.902)
2021-01-10 14:59:01.415 [http-nio-8080-exec-1] INFO  o.a.c.c.ContainerBase.[Tomcat].[localhost].[/api] - Initializing Spring DispatcherServlet 'dispatcherServlet'
2021-01-10 14:59:01.415 [http-nio-8080-exec-1] INFO  org.springframework.web.servlet.DispatcherServlet - Initializing Servlet 'dispatcherServlet'
2021-01-10 14:59:01.416 [http-nio-8080-exec-1] INFO  org.springframework.web.servlet.DispatcherServlet - Completed initialization in 1 ms
2021-01-10 14:59:01.511 [http-nio-8080-exec-1] WARN  o.s.w.s.m.m.a.ExceptionHandlerExceptionResolver - Resolved [top.kukechen.paperresourcebackend.errorHandle.NeedToLogin: 请先登录]
2021-01-10 15:07:48.620 [cluster-ClusterId{value='5ffaa5978cdb4e70603da7dc', description='null'}-103.100.210.203:27017] INFO  org.mongodb.driver.connection - Opened connection [connectionId{localValue:2, serverValue:91}] to 103.100.210.203:27017
2021-01-10 15:09:51.912 [http-nio-8080-exec-3] WARN  o.s.w.s.m.m.a.ExceptionHandlerExceptionResolver - Resolved [top.kukechen.paperresourcebackend.errorHandle.NeedToLogin: 请先登录]
2021-01-10 15:19:51.817 [cluster-ClusterId{value='5ffaa5978cdb4e70603da7dc', description='null'}-103.100.210.203:27017] INFO  org.mongodb.driver.cluster - Exception in monitor thread while connecting to server 103.100.210.203:27017
com.mongodb.MongoSocketOpenException: Exception opening socket
	at com.mongodb.internal.connection.SocketStream.open(SocketStream.java:70)
	at com.mongodb.internal.connection.InternalStreamConnection.open(InternalStreamConnection.java:127)
	at com.mongodb.internal.connection.DefaultServerMonitor$ServerMonitorRunnable.run(DefaultServerMonitor.java:131)
	at java.base/java.lang.Thread.run(Thread.java:832)
Caused by: java.net.NoRouteToHostException: No route to host: no further information
	at java.base/sun.nio.ch.Net.pollConnect(Native Method)
	at java.base/sun.nio.ch.Net.pollConnectNow(Net.java:589)
	at java.base/sun.nio.ch.NioSocketImpl.timedFinishConnect(NioSocketImpl.java:542)
	at java.base/sun.nio.ch.NioSocketImpl.connect(NioSocketImpl.java:597)
	at java.base/java.net.SocksSocketImpl.connect(SocksSocketImpl.java:333)
	at java.base/java.net.Socket.connect(Socket.java:648)
	at com.mongodb.internal.connection.SocketStreamHelper.initialize(SocketStreamHelper.java:63)
	at com.mongodb.internal.connection.SocketStream.initializeSocket(SocketStream.java:79)
	at com.mongodb.internal.connection.SocketStream.open(SocketStream.java:65)
	... 3 common frames omitted
2021-01-10 15:20:49.058 [cluster-ClusterId{value='5ffaa5978cdb4e70603da7dc', description='null'}-103.100.210.203:27017] INFO  org.mongodb.driver.connection - Opened connection [connectionId{localValue:8, serverValue:92}] to 103.100.210.203:27017
2021-01-10 15:20:49.112 [cluster-ClusterId{value='5ffaa5978cdb4e70603da7dc', description='null'}-103.100.210.203:27017] INFO  org.mongodb.driver.cluster - Monitor thread successfully connected to server with description ServerDescription{address=103.100.210.203:27017, type=STANDALONE, state=CONNECTED, ok=true, minWireVersion=0, maxWireVersion=7, maxDocumentSize=16777216, logicalSessionTimeoutMinutes=30, roundTripTimeNanos=53424600}
2021-01-10 15:20:59.317 [cluster-ClusterId{value='5ffaa5978cdb4e70603da7dc', description='null'}-103.100.210.203:27017] INFO  org.mongodb.driver.connection - Opened connection [connectionId{localValue:9, serverValue:93}] to 103.100.210.203:27017
2021-01-10 20:25:22.171 [restartedMain] INFO  t.k.p.PaperResourceBackendApplication - Starting PaperResourceBackendApplication on DESKTOP-CR3MP79 with PID 7816 (E:\paper-resource-backend\build\classes\java\main started by hq in E:\paper-resource-backend)
2021-01-10 20:25:22.180 [restartedMain] INFO  t.k.p.PaperResourceBackendApplication - No active profile set, falling back to default profiles: default
2021-01-10 20:25:22.474 [restartedMain] INFO  o.s.b.d.env.DevToolsPropertyDefaultsPostProcessor - Devtools property defaults active! Set 'spring.devtools.add-properties' to 'false' to disable
2021-01-10 20:25:22.475 [restartedMain] INFO  o.s.b.d.env.DevToolsPropertyDefaultsPostProcessor - For additional web related logging consider setting the 'logging.level.web' property to 'DEBUG'
2021-01-10 20:25:24.629 [restartedMain] INFO  o.s.d.r.config.RepositoryConfigurationDelegate - Bootstrapping Spring Data MongoDB repositories in DEFAULT mode.
2021-01-10 20:25:24.651 [restartedMain] INFO  o.s.d.r.config.RepositoryConfigurationDelegate - Finished Spring Data repository scanning in 15ms. Found 0 MongoDB repository interfaces.
2021-01-10 20:25:25.499 [restartedMain] INFO  o.s.boot.web.embedded.tomcat.TomcatWebServer - Tomcat initialized with port(s): 8080 (http)
2021-01-10 20:25:25.513 [restartedMain] INFO  org.apache.coyote.http11.Http11NioProtocol - Initializing ProtocolHandler ["http-nio-8080"]
2021-01-10 20:25:25.514 [restartedMain] INFO  org.apache.catalina.core.StandardService - Starting service [Tomcat]
2021-01-10 20:25:25.514 [restartedMain] INFO  org.apache.catalina.core.StandardEngine - Starting Servlet engine: [Apache Tomcat/9.0.39]
2021-01-10 20:25:25.610 [restartedMain] INFO  o.a.c.c.ContainerBase.[Tomcat].[localhost].[/api] - Initializing Spring embedded WebApplicationContext
2021-01-10 20:25:25.610 [restartedMain] INFO  o.s.b.w.s.c.ServletWebServerApplicationContext - Root WebApplicationContext: initialization completed in 3134 ms
2021-01-10 20:25:25.883 [restartedMain] INFO  org.mongodb.driver.cluster - Cluster created with settings {hosts=[103.100.210.203:27017], mode=SINGLE, requiredClusterType=UNKNOWN, serverSelectionTimeout='30000 ms'}
2021-01-10 20:25:26.177 [restartedMain] INFO  o.s.b.d.autoconfigure.OptionalLiveReloadServer - LiveReload server is running on port 35729
2021-01-10 20:25:26.211 [cluster-ClusterId{value='5ffaf235cd6f274a5de41d96', description='null'}-103.100.210.203:27017] INFO  org.mongodb.driver.connection - Opened connection [connectionId{localValue:1, serverValue:104}] to 103.100.210.203:27017
2021-01-10 20:25:26.299 [cluster-ClusterId{value='5ffaf235cd6f274a5de41d96', description='null'}-103.100.210.203:27017] INFO  org.mongodb.driver.cluster - Monitor thread successfully connected to server with description ServerDescription{address=103.100.210.203:27017, type=STANDALONE, state=CONNECTED, ok=true, minWireVersion=0, maxWireVersion=7, maxDocumentSize=16777216, logicalSessionTimeoutMinutes=30, roundTripTimeNanos=86799600}
2021-01-10 20:25:26.731 [restartedMain] INFO  s.d.s.w.PropertySourcedRequestMappingHandlerMapping - Mapped URL path [/v2/api-docs] onto method [springfox.documentation.swagger2.web.Swagger2Controller#getDocumentation(String, HttpServletRequest)]
2021-01-10 20:25:26.859 [restartedMain] INFO  o.s.scheduling.concurrent.ThreadPoolTaskExecutor - Initializing ExecutorService 'applicationTaskExecutor'
2021-01-10 20:25:27.067 [restartedMain] INFO  org.apache.coyote.http11.Http11NioProtocol - Starting ProtocolHandler ["http-nio-8080"]
2021-01-10 20:25:27.098 [restartedMain] INFO  o.s.boot.web.embedded.tomcat.TomcatWebServer - Tomcat started on port(s): 8080 (http) with context path '/api'
2021-01-10 20:25:27.100 [restartedMain] INFO  s.d.s.web.plugins.DocumentationPluginsBootstrapper - Context refreshed
2021-01-10 20:25:27.119 [restartedMain] INFO  s.d.s.web.plugins.DocumentationPluginsBootstrapper - Found 1 custom documentation plugin(s)
2021-01-10 20:25:27.144 [restartedMain] INFO  s.d.spring.web.scanners.ApiListingReferenceScanner - Scanning for api listing references
2021-01-10 20:25:27.360 [restartedMain] INFO  s.d.s.w.r.operation.CachingOperationNameGenerator - Generating unique operation named: addGradeUsingPOST_1
2021-01-10 20:25:27.450 [restartedMain] INFO  s.d.s.w.r.operation.CachingOperationNameGenerator - Generating unique operation named: editGradeUsingPOST_1
2021-01-10 20:25:27.450 [restartedMain] INFO  s.d.s.w.r.operation.CachingOperationNameGenerator - Generating unique operation named: getGradePageUsingPOST_1
2021-01-10 20:25:27.487 [restartedMain] INFO  s.d.s.w.r.operation.CachingOperationNameGenerator - Generating unique operation named: editGradeUsingPOST_2
2021-01-10 20:25:27.490 [restartedMain] INFO  s.d.s.w.r.operation.CachingOperationNameGenerator - Generating unique operation named: addSubjectUsingPOST_1
2021-01-10 20:25:27.494 [restartedMain] INFO  s.d.s.w.r.operation.CachingOperationNameGenerator - Generating unique operation named: editGradeUsingPOST_3
2021-01-10 20:25:27.526 [restartedMain] INFO  t.k.p.PaperResourceBackendApplication - Started PaperResourceBackendApplication in 5.928 seconds (JVM running for 7.703)
2021-01-10 20:26:58.709 [http-nio-8080-exec-1] INFO  o.a.c.c.ContainerBase.[Tomcat].[localhost].[/api] - Initializing Spring DispatcherServlet 'dispatcherServlet'
2021-01-10 20:26:58.709 [http-nio-8080-exec-1] INFO  org.springframework.web.servlet.DispatcherServlet - Initializing Servlet 'dispatcherServlet'
2021-01-10 20:26:58.717 [http-nio-8080-exec-1] INFO  org.springframework.web.servlet.DispatcherServlet - Completed initialization in 8 ms
2021-01-10 20:26:59.493 [http-nio-8080-exec-1] INFO  org.mongodb.driver.connection - Opened connection [connectionId{localValue:2, serverValue:105}] to 103.100.210.203:27017
2021-01-10 20:26:59.684 [http-nio-8080-exec-2] INFO  org.mongodb.driver.connection - Opened connection [connectionId{localValue:3, serverValue:106}] to 103.100.210.203:27017
2021-01-10 20:27:00.277 [http-nio-8080-exec-4] WARN  o.s.w.s.m.m.a.ExceptionHandlerExceptionResolver - Resolved [top.kukechen.paperresourcebackend.errorHandle.NeedToLogin: 请先登录]
2021-01-10 20:27:00.281 [http-nio-8080-exec-3] WARN  o.s.w.s.m.m.a.ExceptionHandlerExceptionResolver - Resolved [top.kukechen.paperresourcebackend.errorHandle.NeedToLogin: 请先登录]
2021-01-10 20:27:04.595 [http-nio-8080-exec-5] WARN  o.s.w.s.m.m.a.ExceptionHandlerExceptionResolver - Resolved [top.kukechen.paperresourcebackend.errorHandle.NeedToLogin: 请先登录]
2021-01-10 20:28:16.905 [http-nio-8080-exec-9] WARN  o.s.w.s.m.m.a.ExceptionHandlerExceptionResolver - Resolved [top.kukechen.paperresourcebackend.errorHandle.NeedToLogin: 请先登录]
2021-01-10 20:28:27.506 [http-nio-8080-exec-2] WARN  o.s.w.s.m.m.a.ExceptionHandlerExceptionResolver - Resolved [top.kukechen.paperresourcebackend.errorHandle.NeedToLogin: 请先登录]
2021-01-10 20:28:45.658 [http-nio-8080-exec-4] WARN  o.s.w.s.m.m.a.ExceptionHandlerExceptionResolver - Resolved [top.kukechen.paperresourcebackend.errorHandle.NeedToLogin: 请先登录]
2021-01-10 20:29:20.344 [http-nio-8080-exec-5] WARN  o.s.w.s.m.m.a.ExceptionHandlerExceptionResolver - Resolved [top.kukechen.paperresourcebackend.errorHandle.NeedToLogin: 请先登录]
2021-01-10 20:30:17.440 [http-nio-8080-exec-6] WARN  o.s.w.s.m.m.a.ExceptionHandlerExceptionResolver - Resolved [top.kukechen.paperresourcebackend.errorHandle.NeedToLogin: 请先登录]
2021-01-10 20:31:14.700 [http-nio-8080-exec-7] WARN  o.s.w.s.m.m.a.ExceptionHandlerExceptionResolver - Resolved [top.kukechen.paperresourcebackend.errorHandle.NeedToLogin: 请先登录]
2021-01-10 20:31:31.170 [http-nio-8080-exec-9] WARN  o.s.w.s.m.m.a.ExceptionHandlerExceptionResolver - Resolved [top.kukechen.paperresourcebackend.errorHandle.NeedToLogin: 请先登录]
2021-01-10 20:33:15.711 [restartedMain] INFO  t.k.p.PaperResourceBackendApplication - Starting PaperResourceBackendApplication on DESKTOP-CR3MP79 with PID 2884 (E:\paper-resource-backend\build\classes\java\main started by hq in E:\paper-resource-backend)
2021-01-10 20:33:15.715 [restartedMain] INFO  t.k.p.PaperResourceBackendApplication - No active profile set, falling back to default profiles: default
2021-01-10 20:33:15.798 [restartedMain] INFO  o.s.b.d.env.DevToolsPropertyDefaultsPostProcessor - Devtools property defaults active! Set 'spring.devtools.add-properties' to 'false' to disable
2021-01-10 20:33:15.800 [restartedMain] INFO  o.s.b.d.env.DevToolsPropertyDefaultsPostProcessor - For additional web related logging consider setting the 'logging.level.web' property to 'DEBUG'
2021-01-10 20:33:17.112 [restartedMain] INFO  o.s.d.r.config.RepositoryConfigurationDelegate - Bootstrapping Spring Data MongoDB repositories in DEFAULT mode.
2021-01-10 20:33:17.151 [restartedMain] INFO  o.s.d.r.config.RepositoryConfigurationDelegate - Finished Spring Data repository scanning in 30ms. Found 0 MongoDB repository interfaces.
2021-01-10 20:33:17.910 [restartedMain] INFO  o.s.boot.web.embedded.tomcat.TomcatWebServer - Tomcat initialized with port(s): 8080 (http)
2021-01-10 20:33:17.922 [restartedMain] INFO  org.apache.coyote.http11.Http11NioProtocol - Initializing ProtocolHandler ["http-nio-8080"]
2021-01-10 20:33:17.922 [restartedMain] INFO  org.apache.catalina.core.StandardService - Starting service [Tomcat]
2021-01-10 20:33:17.922 [restartedMain] INFO  org.apache.catalina.core.StandardEngine - Starting Servlet engine: [Apache Tomcat/9.0.39]
2021-01-10 20:33:18.026 [restartedMain] INFO  o.a.c.c.ContainerBase.[Tomcat].[localhost].[/api] - Initializing Spring embedded WebApplicationContext
2021-01-10 20:33:18.030 [restartedMain] INFO  o.s.b.w.s.c.ServletWebServerApplicationContext - Root WebApplicationContext: initialization completed in 2229 ms
2021-01-10 20:33:18.202 [restartedMain] INFO  org.mongodb.driver.cluster - Cluster created with settings {hosts=[103.100.210.203:27017], mode=SINGLE, requiredClusterType=UNKNOWN, serverSelectionTimeout='30000 ms'}
2021-01-10 20:33:18.462 [restartedMain] INFO  o.s.b.d.autoconfigure.OptionalLiveReloadServer - LiveReload server is running on port 35729
2021-01-10 20:33:18.560 [cluster-ClusterId{value='5ffaf40e709d3f344ad1b7bc', description='null'}-103.100.210.203:27017] INFO  org.mongodb.driver.connection - Opened connection [connectionId{localValue:1, serverValue:108}] to 103.100.210.203:27017
2021-01-10 20:33:18.682 [cluster-ClusterId{value='5ffaf40e709d3f344ad1b7bc', description='null'}-103.100.210.203:27017] INFO  org.mongodb.driver.cluster - Monitor thread successfully connected to server with description ServerDescription{address=103.100.210.203:27017, type=STANDALONE, state=CONNECTED, ok=true, minWireVersion=0, maxWireVersion=7, maxDocumentSize=16777216, logicalSessionTimeoutMinutes=30, roundTripTimeNanos=112875000}
2021-01-10 20:33:19.072 [restartedMain] INFO  s.d.s.w.PropertySourcedRequestMappingHandlerMapping - Mapped URL path [/v2/api-docs] onto method [springfox.documentation.swagger2.web.Swagger2Controller#getDocumentation(String, HttpServletRequest)]
2021-01-10 20:33:19.202 [restartedMain] INFO  o.s.scheduling.concurrent.ThreadPoolTaskExecutor - Initializing ExecutorService 'applicationTaskExecutor'
2021-01-10 20:33:19.441 [restartedMain] INFO  org.apache.coyote.http11.Http11NioProtocol - Starting ProtocolHandler ["http-nio-8080"]
2021-01-10 20:33:19.482 [restartedMain] INFO  o.s.boot.web.embedded.tomcat.TomcatWebServer - Tomcat started on port(s): 8080 (http) with context path '/api'
2021-01-10 20:33:19.482 [restartedMain] INFO  s.d.s.web.plugins.DocumentationPluginsBootstrapper - Context refreshed
2021-01-10 20:33:19.501 [restartedMain] INFO  s.d.s.web.plugins.DocumentationPluginsBootstrapper - Found 1 custom documentation plugin(s)
2021-01-10 20:33:19.531 [restartedMain] INFO  s.d.spring.web.scanners.ApiListingReferenceScanner - Scanning for api listing references
2021-01-10 20:33:19.812 [restartedMain] INFO  s.d.s.w.r.operation.CachingOperationNameGenerator - Generating unique operation named: addGradeUsingPOST_1
2021-01-10 20:33:19.852 [restartedMain] INFO  s.d.s.w.r.operation.CachingOperationNameGenerator - Generating unique operation named: editGradeUsingPOST_1
2021-01-10 20:33:19.861 [restartedMain] INFO  s.d.s.w.r.operation.CachingOperationNameGenerator - Generating unique operation named: getGradePageUsingPOST_1
2021-01-10 20:33:19.872 [restartedMain] INFO  s.d.s.w.r.operation.CachingOperationNameGenerator - Generating unique operation named: editGradeUsingPOST_2
2021-01-10 20:33:19.882 [restartedMain] INFO  s.d.s.w.r.operation.CachingOperationNameGenerator - Generating unique operation named: addSubjectUsingPOST_1
2021-01-10 20:33:19.891 [restartedMain] INFO  s.d.s.w.r.operation.CachingOperationNameGenerator - Generating unique operation named: editGradeUsingPOST_3
2021-01-10 20:33:19.928 [restartedMain] INFO  t.k.p.PaperResourceBackendApplication - Started PaperResourceBackendApplication in 4.899 seconds (JVM running for 6.322)
2021-01-10 20:33:31.862 [http-nio-8080-exec-1] INFO  o.a.c.c.ContainerBase.[Tomcat].[localhost].[/api] - Initializing Spring DispatcherServlet 'dispatcherServlet'
2021-01-10 20:33:31.862 [http-nio-8080-exec-1] INFO  org.springframework.web.servlet.DispatcherServlet - Initializing Servlet 'dispatcherServlet'
2021-01-10 20:33:31.872 [http-nio-8080-exec-1] INFO  org.springframework.web.servlet.DispatcherServlet - Completed initialization in 10 ms
2021-01-10 20:33:31.953 [http-nio-8080-exec-1] WARN  o.s.w.s.m.m.a.ExceptionHandlerExceptionResolver - Resolved [top.kukechen.paperresourcebackend.errorHandle.NeedToLogin: 请先登录]
2021-01-10 20:33:33.780 [http-nio-8080-exec-2] INFO  org.mongodb.driver.connection - Opened connection [connectionId{localValue:2, serverValue:109}] to 103.100.210.203:27017
2021-01-10 20:33:34.253 [http-nio-8080-exec-3] WARN  o.s.w.s.m.m.a.ExceptionHandlerExceptionResolver - Resolved [top.kukechen.paperresourcebackend.errorHandle.NeedToLogin: 请先登录]
2021-01-10 20:33:36.571 [http-nio-8080-exec-5] WARN  o.s.w.s.m.m.a.ExceptionHandlerExceptionResolver - Resolved [top.kukechen.paperresourcebackend.errorHandle.NeedToLogin: 请先登录]
2021-01-10 20:34:48.126 [http-nio-8080-exec-8] WARN  o.s.w.s.m.m.a.ExceptionHandlerExceptionResolver - Resolved [top.kukechen.paperresourcebackend.errorHandle.NeedToLogin: 请先登录]
2021-01-10 20:34:52.665 [http-nio-8080-exec-10] WARN  o.s.w.s.m.m.a.ExceptionHandlerExceptionResolver - Resolved [org.springframework.web.HttpRequestMethodNotSupportedException: Request method 'GET' not supported]
2021-01-10 20:39:22.725 [http-nio-8080-exec-9] WARN  o.s.w.s.m.m.a.ExceptionHandlerExceptionResolver - Resolved [top.kukechen.paperresourcebackend.errorHandle.NeedToLogin: 请先登录]
2021-01-10 20:39:31.240 [http-nio-8080-exec-1] WARN  o.s.w.s.m.m.a.ExceptionHandlerExceptionResolver - Resolved [top.kukechen.paperresourcebackend.errorHandle.NeedToLogin: 请先登录]
2021-01-10 20:39:46.771 [http-nio-8080-exec-4] WARN  o.s.w.s.m.m.a.ExceptionHandlerExceptionResolver - Resolved [top.kukechen.paperresourcebackend.errorHandle.NeedToLogin: 请先登录]
2021-01-10 20:39:56.456 [http-nio-8080-exec-5] WARN  o.s.w.s.m.m.a.ExceptionHandlerExceptionResolver - Resolved [top.kukechen.paperresourcebackend.errorHandle.NeedToLogin: 请先登录]
2021-01-10 20:41:01.642 [http-nio-8080-exec-6] WARN  o.s.w.s.m.m.a.ExceptionHandlerExceptionResolver - Resolved [top.kukechen.paperresourcebackend.errorHandle.NeedToLogin: 请先登录]
2021-01-10 20:43:11.547 [restartedMain] INFO  t.k.p.PaperResourceBackendApplication - Starting PaperResourceBackendApplication on DESKTOP-CR3MP79 with PID 6864 (E:\paper-resource-backend\build\classes\java\main started by hq in E:\paper-resource-backend)
2021-01-10 20:43:11.547 [restartedMain] INFO  t.k.p.PaperResourceBackendApplication - No active profile set, falling back to default profiles: default
2021-01-10 20:43:11.659 [restartedMain] INFO  o.s.b.d.env.DevToolsPropertyDefaultsPostProcessor - Devtools property defaults active! Set 'spring.devtools.add-properties' to 'false' to disable
2021-01-10 20:43:11.659 [restartedMain] INFO  o.s.b.d.env.DevToolsPropertyDefaultsPostProcessor - For additional web related logging consider setting the 'logging.level.web' property to 'DEBUG'
2021-01-10 20:43:14.276 [restartedMain] INFO  o.s.d.r.config.RepositoryConfigurationDelegate - Bootstrapping Spring Data MongoDB repositories in DEFAULT mode.
2021-01-10 20:43:14.295 [restartedMain] INFO  o.s.d.r.config.RepositoryConfigurationDelegate - Finished Spring Data repository scanning in 13ms. Found 0 MongoDB repository interfaces.
2021-01-10 20:43:14.775 [restartedMain] INFO  o.s.boot.web.embedded.tomcat.TomcatWebServer - Tomcat initialized with port(s): 8080 (http)
2021-01-10 20:43:14.786 [restartedMain] INFO  org.apache.coyote.http11.Http11NioProtocol - Initializing ProtocolHandler ["http-nio-8080"]
2021-01-10 20:43:14.786 [restartedMain] INFO  org.apache.catalina.core.StandardService - Starting service [Tomcat]
2021-01-10 20:43:14.786 [restartedMain] INFO  org.apache.catalina.core.StandardEngine - Starting Servlet engine: [Apache Tomcat/9.0.39]
2021-01-10 20:43:14.896 [restartedMain] INFO  o.a.c.c.ContainerBase.[Tomcat].[localhost].[/api] - Initializing Spring embedded WebApplicationContext
2021-01-10 20:43:14.896 [restartedMain] INFO  o.s.b.w.s.c.ServletWebServerApplicationContext - Root WebApplicationContext: initialization completed in 3237 ms
2021-01-10 20:43:15.046 [restartedMain] INFO  org.mongodb.driver.cluster - Cluster created with settings {hosts=[103.100.210.203:27017], mode=SINGLE, requiredClusterType=UNKNOWN, serverSelectionTimeout='30000 ms'}
2021-01-10 20:43:15.236 [restartedMain] INFO  o.s.b.d.autoconfigure.OptionalLiveReloadServer - LiveReload server is running on port 35729
2021-01-10 20:43:15.346 [cluster-ClusterId{value='5ffaf663d5fbd650b4691a8e', description='null'}-103.100.210.203:27017] INFO  org.mongodb.driver.connection - Opened connection [connectionId{localValue:1, serverValue:111}] to 103.100.210.203:27017
2021-01-10 20:43:15.445 [cluster-ClusterId{value='5ffaf663d5fbd650b4691a8e', description='null'}-103.100.210.203:27017] INFO  org.mongodb.driver.cluster - Monitor thread successfully connected to server with description ServerDescription{address=103.100.210.203:27017, type=STANDALONE, state=CONNECTED, ok=true, minWireVersion=0, maxWireVersion=7, maxDocumentSize=16777216, logicalSessionTimeoutMinutes=30, roundTripTimeNanos=100992800}
2021-01-10 20:43:15.656 [restartedMain] INFO  s.d.s.w.PropertySourcedRequestMappingHandlerMapping - Mapped URL path [/v2/api-docs] onto method [springfox.documentation.swagger2.web.Swagger2Controller#getDocumentation(String, HttpServletRequest)]
2021-01-10 20:43:15.756 [restartedMain] INFO  o.s.scheduling.concurrent.ThreadPoolTaskExecutor - Initializing ExecutorService 'applicationTaskExecutor'
2021-01-10 20:43:15.986 [restartedMain] INFO  org.apache.coyote.http11.Http11NioProtocol - Starting ProtocolHandler ["http-nio-8080"]
2021-01-10 20:43:16.076 [restartedMain] INFO  o.s.boot.web.embedded.tomcat.TomcatWebServer - Tomcat started on port(s): 8080 (http) with context path '/api'
2021-01-10 20:43:16.076 [restartedMain] INFO  s.d.s.web.plugins.DocumentationPluginsBootstrapper - Context refreshed
2021-01-10 20:43:16.106 [restartedMain] INFO  s.d.s.web.plugins.DocumentationPluginsBootstrapper - Found 1 custom documentation plugin(s)
2021-01-10 20:43:16.155 [restartedMain] INFO  s.d.spring.web.scanners.ApiListingReferenceScanner - Scanning for api listing references
2021-01-10 20:43:17.118 [restartedMain] INFO  s.d.s.w.r.operation.CachingOperationNameGenerator - Generating unique operation named: addGradeUsingPOST_1
2021-01-10 20:43:17.158 [restartedMain] INFO  s.d.s.w.r.operation.CachingOperationNameGenerator - Generating unique operation named: editGradeUsingPOST_1
2021-01-10 20:43:17.166 [restartedMain] INFO  s.d.s.w.r.operation.CachingOperationNameGenerator - Generating unique operation named: getGradePageUsingPOST_1
2021-01-10 20:43:17.186 [restartedMain] INFO  s.d.s.w.r.operation.CachingOperationNameGenerator - Generating unique operation named: editGradeUsingPOST_2
2021-01-10 20:43:17.188 [restartedMain] INFO  s.d.s.w.r.operation.CachingOperationNameGenerator - Generating unique operation named: addSubjectUsingPOST_1
2021-01-10 20:43:17.198 [restartedMain] INFO  s.d.s.w.r.operation.CachingOperationNameGenerator - Generating unique operation named: editGradeUsingPOST_3
2021-01-10 20:43:17.225 [restartedMain] INFO  t.k.p.PaperResourceBackendApplication - Started PaperResourceBackendApplication in 6.207 seconds (JVM running for 7.736)
2021-01-10 20:44:27.006 [restartedMain] INFO  t.k.p.PaperResourceBackendApplication - Starting PaperResourceBackendApplication on DESKTOP-CR3MP79 with PID 7760 (E:\paper-resource-backend\build\classes\java\main started by hq in E:\paper-resource-backend)
2021-01-10 20:44:27.009 [restartedMain] INFO  t.k.p.PaperResourceBackendApplication - No active profile set, falling back to default profiles: default
2021-01-10 20:44:27.105 [restartedMain] INFO  o.s.b.d.env.DevToolsPropertyDefaultsPostProcessor - Devtools property defaults active! Set 'spring.devtools.add-properties' to 'false' to disable
2021-01-10 20:44:27.105 [restartedMain] INFO  o.s.b.d.env.DevToolsPropertyDefaultsPostProcessor - For additional web related logging consider setting the 'logging.level.web' property to 'DEBUG'
2021-01-10 20:44:28.126 [restartedMain] INFO  o.s.d.r.config.RepositoryConfigurationDelegate - Bootstrapping Spring Data MongoDB repositories in DEFAULT mode.
2021-01-10 20:44:28.146 [restartedMain] INFO  o.s.d.r.config.RepositoryConfigurationDelegate - Finished Spring Data repository scanning in 15ms. Found 0 MongoDB repository interfaces.
2021-01-10 20:44:28.706 [restartedMain] INFO  o.s.boot.web.embedded.tomcat.TomcatWebServer - Tomcat initialized with port(s): 8080 (http)
2021-01-10 20:44:28.715 [restartedMain] INFO  org.apache.coyote.http11.Http11NioProtocol - Initializing ProtocolHandler ["http-nio-8080"]
2021-01-10 20:44:28.715 [restartedMain] INFO  org.apache.catalina.core.StandardService - Starting service [Tomcat]
2021-01-10 20:44:28.715 [restartedMain] INFO  org.apache.catalina.core.StandardEngine - Starting Servlet engine: [Apache Tomcat/9.0.39]
2021-01-10 20:44:28.816 [restartedMain] INFO  o.a.c.c.ContainerBase.[Tomcat].[localhost].[/api] - Initializing Spring embedded WebApplicationContext
2021-01-10 20:44:28.816 [restartedMain] INFO  o.s.b.w.s.c.ServletWebServerApplicationContext - Root WebApplicationContext: initialization completed in 1711 ms
2021-01-10 20:44:28.946 [restartedMain] INFO  org.mongodb.driver.cluster - Cluster created with settings {hosts=[103.100.210.203:27017], mode=SINGLE, requiredClusterType=UNKNOWN, serverSelectionTimeout='30000 ms'}
2021-01-10 20:44:29.186 [restartedMain] INFO  o.s.b.d.autoconfigure.OptionalLiveReloadServer - LiveReload server is running on port 35729
2021-01-10 20:44:29.225 [cluster-ClusterId{value='5ffaf6ac92d8cf0567d4c061', description='null'}-103.100.210.203:27017] INFO  org.mongodb.driver.connection - Opened connection [connectionId{localValue:1, serverValue:112}] to 103.100.210.203:27017
2021-01-10 20:44:29.325 [cluster-ClusterId{value='5ffaf6ac92d8cf0567d4c061', description='null'}-103.100.210.203:27017] INFO  org.mongodb.driver.cluster - Monitor thread successfully connected to server with description ServerDescription{address=103.100.210.203:27017, type=STANDALONE, state=CONNECTED, ok=true, minWireVersion=0, maxWireVersion=7, maxDocumentSize=16777216, logicalSessionTimeoutMinutes=30, roundTripTimeNanos=103912200}
2021-01-10 20:44:29.584 [restartedMain] INFO  s.d.s.w.PropertySourcedRequestMappingHandlerMapping - Mapped URL path [/v2/api-docs] onto method [springfox.documentation.swagger2.web.Swagger2Controller#getDocumentation(String, HttpServletRequest)]
2021-01-10 20:44:29.675 [restartedMain] INFO  o.s.scheduling.concurrent.ThreadPoolTaskExecutor - Initializing ExecutorService 'applicationTaskExecutor'
2021-01-10 20:44:29.946 [restartedMain] INFO  org.apache.coyote.http11.Http11NioProtocol - Starting ProtocolHandler ["http-nio-8080"]
2021-01-10 20:44:29.981 [restartedMain] INFO  o.s.boot.web.embedded.tomcat.TomcatWebServer - Tomcat started on port(s): 8080 (http) with context path '/api'
2021-01-10 20:44:29.982 [restartedMain] INFO  s.d.s.web.plugins.DocumentationPluginsBootstrapper - Context refreshed
2021-01-10 20:44:29.997 [restartedMain] INFO  s.d.s.web.plugins.DocumentationPluginsBootstrapper - Found 1 custom documentation plugin(s)
2021-01-10 20:44:30.016 [restartedMain] INFO  s.d.spring.web.scanners.ApiListingReferenceScanner - Scanning for api listing references
2021-01-10 20:44:30.208 [restartedMain] INFO  s.d.s.w.r.operation.CachingOperationNameGenerator - Generating unique operation named: addGradeUsingPOST_1
2021-01-10 20:44:30.244 [restartedMain] INFO  s.d.s.w.r.operation.CachingOperationNameGenerator - Generating unique operation named: editGradeUsingPOST_1
2021-01-10 20:44:30.246 [restartedMain] INFO  s.d.s.w.r.operation.CachingOperationNameGenerator - Generating unique operation named: getGradePageUsingPOST_1
2021-01-10 20:44:30.255 [restartedMain] INFO  s.d.s.w.r.operation.CachingOperationNameGenerator - Generating unique operation named: editGradeUsingPOST_2
2021-01-10 20:44:30.265 [restartedMain] INFO  s.d.s.w.r.operation.CachingOperationNameGenerator - Generating unique operation named: getGradePageUsingPOST_2
2021-01-10 20:44:30.266 [restartedMain] INFO  s.d.s.w.r.operation.CachingOperationNameGenerator - Generating unique operation named: addSubjectUsingPOST_1
2021-01-10 20:44:30.275 [restartedMain] INFO  s.d.s.w.r.operation.CachingOperationNameGenerator - Generating unique operation named: editGradeUsingPOST_3
2021-01-10 20:44:30.276 [restartedMain] INFO  s.d.s.w.r.operation.CachingOperationNameGenerator - Generating unique operation named: getGradePageUsingPOST_3
2021-01-10 20:44:30.296 [restartedMain] INFO  t.k.p.PaperResourceBackendApplication - Started PaperResourceBackendApplication in 3.9 seconds (JVM running for 4.805)
2021-01-10 20:44:34.119 [http-nio-8080-exec-1] INFO  o.a.c.c.ContainerBase.[Tomcat].[localhost].[/api] - Initializing Spring DispatcherServlet 'dispatcherServlet'
2021-01-10 20:44:34.119 [http-nio-8080-exec-1] INFO  org.springframework.web.servlet.DispatcherServlet - Initializing Servlet 'dispatcherServlet'
2021-01-10 20:44:34.124 [http-nio-8080-exec-1] INFO  org.springframework.web.servlet.DispatcherServlet - Completed initialization in 5 ms
2021-01-10 20:44:34.890 [http-nio-8080-exec-1] INFO  org.mongodb.driver.connection - Opened connection [connectionId{localValue:2, serverValue:113}] to 103.100.210.203:27017
2021-01-10 20:45:01.929 [http-nio-8080-exec-2] INFO  t.k.p.controller.SubjectController - 开始删除学科: 5ffaf293cd6f274a5de41d98
2021-01-10 20:45:02.123 [http-nio-8080-exec-2] INFO  t.k.p.controller.SubjectController - 删除学科成功: id为5ffaf293cd6f274a5de41d98 删除结果 - result: 1
2021-01-10 20:45:18.733 [http-nio-8080-exec-6] INFO  org.mongodb.driver.connection - Opened connection [connectionId{localValue:3, serverValue:114}] to 103.100.210.203:27017
2021-01-10 20:49:14.510 [http-nio-8080-exec-6] INFO  org.mongodb.driver.connection - Opened connection [connectionId{localValue:4, serverValue:116}] to 103.100.210.203:27017
